
> finfacts@0.1.0 prebuild
> node -e "const f='scripts/fetch-occurrences.mjs',fs=require('fs');fs.existsSync(f)?require('child_process').execFileSync(process.execPath,[f],{stdio:'inherit'}):console.log('[prebuild] '+f+' not present yet; skipping data fetch')"

[fetch-occurrences] discovered 8 species; no IUCN token ΓÇö using OBIS redlist fallback.
[fetch-occurrences] processing Carcharodon carcharias (key=105838)
[fetch-occurrences]   occurrences: 5000 GBIF + 5000 OBIS
[fetch-occurrences]   no range geometry available; assessment metadata only
[fetch-occurrences]   assessment: VU (source=obis-redlist)
[fetch-occurrences] processing Galeocerdo cuvier (key=105799)
[fetch-occurrences]   occurrences: 5000 GBIF + 5000 OBIS
[fetch-occurrences]   no range geometry available; assessment metadata only
[fetch-occurrences]   assessment: none found
[fetch-occurrences] processing Heterodontus portusjacksoni (key=279571)
[fetch-occurrences]   occurrences: 5000 GBIF + 3 OBIS
[fetch-occurrences]   no range geometry available; assessment metadata only
[fetch-occurrences]   assessment: VU (source=obis-redlist)
[fetch-occurrences] processing Hexanchus griseus (key=105833)
[fetch-occurrences]   occurrences: 5000 GBIF + 1562 OBIS
[fetch-occurrences]   no range geometry available; assessment metadata only
[fetch-occurrences]   assessment: none found
[fetch-occurrences] processing Pristiophorus cirratus (key=282352)
[fetch-occurrences]   occurrences: 1613 GBIF + 1643 OBIS
[fetch-occurrences]   no range geometry available; assessment metadata only
[fetch-occurrences]   assessment: none found
[fetch-occurrences] processing Rhincodon typus (key=105847)
[fetch-occurrences]   occurrences: 5000 GBIF + 5000 OBIS
[fetch-occurrences]   no range geometry available; assessment metadata only
[fetch-occurrences]   assessment: EN (source=obis-redlist)
[fetch-occurrences] processing Somniosus microcephalus (key=105919)
[fetch-occurrences]   occurrences: 775 GBIF + 864 OBIS
[fetch-occurrences]   no range geometry available; assessment metadata only
[fetch-occurrences]   assessment: VU (source=obis-redlist)
[fetch-occurrences] processing Squatina squatina (key=105928)
[fetch-occurrences]   occurrences: 1121 GBIF + 542 OBIS
[fetch-occurrences]   no range geometry available; assessment metadata only
[fetch-occurrences]   assessment: CR (source=obis-redlist)
[fetch-occurrences] done.

> finfacts@0.1.0 build
> astro build

[2m17:36:02[22m [34m[content][39m Syncing content
[2m17:36:02[22m [34m[content][39m Synced content
[2m17:36:02[22m [34m[types][39m Generated [2m499ms[22m
[2m17:36:02[22m [34m[build][39m output: [34m"static"[39m
[2m17:36:02[22m [34m[build][39m mode: [34m"static"[39m
[2m17:36:02[22m [34m[build][39m directory: [34mC:\src\GitHub\devopsabcs-engineering\finfacts\dist\[39m
[2m17:36:02[22m [34m[build][39m Collecting build info...
[2m17:36:02[22m [34m[build][39m [32mΓ£ô Completed in 518ms.[39m
[2m17:36:02[22m [34m[build][39m Building static entrypoints...
[2m17:36:03[22m [34m[vite][39m [32mΓ£ô built in 463ms[39m
[2m17:36:03[22m [34m[build][39m [32mΓ£ô Completed in 490ms.[39m

[42m[30m building client (vite) [39m[49m
[2m17:36:03[22m [34m[vite][39m transforming...
[2m17:36:03[22m [34m[vite][39m [32mΓ£ô[39m 7 modules transformed.
[2m17:36:03[22m [34m[vite][39m rendering chunks...
[2m17:36:03[22m [34m[vite][39m computing gzip size...
[2m17:36:03[22m [34m[vite][39m [2mdist/[22m[36m_astro/client.CjE439_F.js          [39m[1m[2m 0.06 kB[22m[1m[22m[2m Γöé gzip: 0.08 kB[22m
[2m17:36:03[22m [34m[vite][39m [2mdist/[22m[36m_astro/signals.module.bCBghwgO.js  [39m[1m[2m 9.51 kB[22m[1m[22m[2m Γöé gzip: 3.64 kB[22m
[2m17:36:03[22m [34m[vite][39m [2mdist/[22m[36m_astro/client.CQ88iT-1.js          [39m[1m[2m12.53 kB[22m[1m[22m[2m Γöé gzip: 5.43 kB[22m
[2m17:36:03[22m [34m[vite][39m [32mΓ£ô built in 76ms[39m

[42m[30m generating static routes [39m[49m
[2m17:36:03[22m [32mΓû╢[39m src/pages/index.astro
[2m17:36:03[22m   [34mΓööΓöÇ[39m [2m/index.html[22m [2m(+5ms)[22m 
[2m17:36:03[22m [32mΓ£ô Completed in 15ms.
[39m
[2m17:36:03[22m [34m[@astrojs/sitemap][39m `sitemap-index.xml` created at `dist`
[2m17:36:03[22m [34m[pagefind][39m Pagefind indexed 1 pages
[2m17:36:03[22m [34m[pagefind][39m Pagefind wrote index to C:\src\GitHub\devopsabcs-engineering\finfacts\dist\pagefind
[2m17:36:03[22m [34m[build][39m 1 page(s) built in [1m1.17s[22m
[2m17:36:03[22m [34m[build][39m [1mComplete![22m
